<?xml version="1.0" encoding="UTF-8"?>
<!-- Generated by org.testng.reporters.JUnitReportReporter -->
<testsuite hostname="MacBook-Pro.attlocal.net" failures="0" tests="1" name="Tests.LongPress" time="5.314" errors="0" timestamp="2022-05-21T08:31:58 EDT" skipped="0">
  <testcase classname="Tests.LongPress" name="LongPressGesture" time="5.314"/>
  <system-out/>
</testsuite> <!-- Tests.LongPress -->
