<?xml version="1.0" encoding="UTF-8"?>
<!-- Generated by org.testng.reporters.JUnitReportReporter -->
<testsuite hostname="MacBook-Pro.attlocal.net" failures="0" tests="1" name="Tests.IOSLongPress" time="6.064" errors="0" timestamp="2022-05-25T11:46:24 EDT" skipped="0">
  <testcase classname="Tests.IOSLongPress" name="IOSLongPressTest" time="6.064"/>
  <system-out/>
</testsuite> <!-- Tests.IOSLongPress -->
