<?xml version="1.0" encoding="UTF-8"?>
<!-- Generated by org.testng.reporters.JUnitReportReporter -->
<testsuite hostname="MacBook-Pro.attlocal.net" failures="0" tests="1" name="Tests.IOSSlider" time="1.375" errors="0" timestamp="2022-05-26T08:39:08 EDT" skipped="0">
  <testcase classname="Tests.IOSSlider" name="IOSSliderTest" time="1.375"/>
  <system-out/>
</testsuite> <!-- Tests.IOSSlider -->
