<?xml version="1.0" encoding="UTF-8"?>
<!-- Generated by org.testng.reporters.JUnitReportReporter -->
<testsuite hostname="DESKTOP-SLVRT3G" failures="0" tests="3" name="com.browserstack.FirstTest" time="98.915" errors="0" timestamp="2024-09-09T18:33:16 IST" skipped="0">
  <testcase classname="com.browserstack.FirstTest" name="test" time="32.701"/>
  <system-out/>
  <testcase classname="com.browserstack.FirstTest" name="test" time="36.845"/>
  <system-out/>
  <testcase classname="com.browserstack.FirstTest" name="test" time="29.369"/>
  <system-out/>
</testsuite> <!-- com.browserstack.FirstTest -->
